<?xml version="1.0" encoding="UTF-8"?>
<testsuite xmlns:xsi="http://www.w3.org/2001/XMLSchema-instance" xsi:noNamespaceSchemaLocation="https://maven.apache.org/surefire/maven-surefire-plugin/xsd/surefire-test-report.xsd" name="hw6.EventListenerTest" time="32.198" tests="1" errors="1" skipped="0" failures="0">
  <properties>
    <property name="sun.desktop" value="windows"/>
    <property name="awt.toolkit" value="sun.awt.windows.WToolkit"/>
    <property name="java.specification.version" value="11"/>
    <property name="sun.cpu.isalist" value="amd64"/>
    <property name="sun.jnu.encoding" value="Cp1252"/>
    <property name="java.class.path" value="C:\Users\vlylova\Desktop\MyMavenProject\target\test-classes;C:\Users\vlylova\Desktop\MyMavenProject\target\classes;C:\Users\vlylova\.m2\repository\org\junit\platform\junit-platform-commons\1.7.0\junit-platform-commons-1.7.0.jar;C:\Users\vlylova\.m2\repository\org\apiguardian\apiguardian-api\1.1.0\apiguardian-api-1.1.0.jar;C:\Users\vlylova\.m2\repository\org\junit\jupiter\junit-jupiter-engine\5.6.2\junit-jupiter-engine-5.6.2.jar;C:\Users\vlylova\.m2\repository\org\junit\platform\junit-platform-engine\1.6.2\junit-platform-engine-1.6.2.jar;C:\Users\vlylova\.m2\repository\org\junit\jupiter\junit-jupiter-params\5.6.2\junit-jupiter-params-5.6.2.jar;C:\Users\vlylova\.m2\repository\org\junit\jupiter\junit-jupiter-api\5.6.2\junit-jupiter-api-5.6.2.jar;C:\Users\vlylova\.m2\repository\org\opentest4j\opentest4j\1.2.0\opentest4j-1.2.0.jar;C:\Users\vlylova\.m2\repository\org\seleniumhq\selenium\selenium-java\4.0.0\selenium-java-4.0.0.jar;C:\Users\vlylova\.m2\repository\org\seleniumhq\selenium\selenium-api\4.0.0\selenium-api-4.0.0.jar;C:\Users\vlylova\.m2\repository\org\seleniumhq\selenium\selenium-chrome-driver\4.0.0\selenium-chrome-driver-4.0.0.jar;C:\Users\vlylova\.m2\repository\com\google\auto\service\auto-service-annotations\1.0\auto-service-annotations-1.0.jar;C:\Users\vlylova\.m2\repository\com\google\auto\service\auto-service\1.0\auto-service-1.0.jar;C:\Users\vlylova\.m2\repository\com\google\auto\auto-common\1.0\auto-common-1.0.jar;C:\Users\vlylova\.m2\repository\org\seleniumhq\selenium\selenium-chromium-driver\4.0.0\selenium-chromium-driver-4.0.0.jar;C:\Users\vlylova\.m2\repository\org\seleniumhq\selenium\selenium-json\4.0.0\selenium-json-4.0.0.jar;C:\Users\vlylova\.m2\repository\org\seleniumhq\selenium\selenium-devtools-v85\4.0.0\selenium-devtools-v85-4.0.0.jar;C:\Users\vlylova\.m2\repository\org\seleniumhq\selenium\selenium-devtools-v93\4.0.0\selenium-devtools-v93-4.0.0.jar;C:\Users\vlylova\.m2\repository\org\seleniumhq\selenium\selenium-devtools-v94\4.0.0\selenium-devtools-v94-4.0.0.jar;C:\Users\vlylova\.m2\repository\org\seleniumhq\selenium\selenium-devtools-v95\4.0.0\selenium-devtools-v95-4.0.0.jar;C:\Users\vlylova\.m2\repository\org\seleniumhq\selenium\selenium-edge-driver\4.0.0\selenium-edge-driver-4.0.0.jar;C:\Users\vlylova\.m2\repository\org\seleniumhq\selenium\selenium-firefox-driver\4.0.0\selenium-firefox-driver-4.0.0.jar;C:\Users\vlylova\.m2\repository\org\seleniumhq\selenium\selenium-firefox-xpi-driver\4.0.0\selenium-firefox-xpi-driver-4.0.0.jar;C:\Users\vlylova\.m2\repository\org\seleniumhq\selenium\selenium-ie-driver\4.0.0\selenium-ie-driver-4.0.0.jar;C:\Users\vlylova\.m2\repository\org\seleniumhq\selenium\selenium-opera-driver\4.0.0\selenium-opera-driver-4.0.0.jar;C:\Users\vlylova\.m2\repository\org\seleniumhq\selenium\selenium-remote-driver\4.0.0\selenium-remote-driver-4.0.0.jar;C:\Users\vlylova\.m2\repository\com\beust\jcommander\1.81\jcommander-1.81.jar;C:\Users\vlylova\.m2\repository\io\netty\netty-buffer\4.1.68.Final\netty-buffer-4.1.68.Final.jar;C:\Users\vlylova\.m2\repository\io\netty\netty-codec-http\4.1.67.Final\netty-codec-http-4.1.67.Final.jar;C:\Users\vlylova\.m2\repository\io\netty\netty-codec\4.1.67.Final\netty-codec-4.1.67.Final.jar;C:\Users\vlylova\.m2\repository\io\netty\netty-handler\4.1.67.Final\netty-handler-4.1.67.Final.jar;C:\Users\vlylova\.m2\repository\io\netty\netty-common\4.1.68.Final\netty-common-4.1.68.Final.jar;C:\Users\vlylova\.m2\repository\io\netty\netty-transport-native-epoll\4.1.67.Final\netty-transport-native-epoll-4.1.67.Final.jar;C:\Users\vlylova\.m2\repository\io\netty\netty-transport-native-kqueue\4.1.67.Final\netty-transport-native-kqueue-4.1.67.Final.jar;C:\Users\vlylova\.m2\repository\io\netty\netty-transport-native-unix-common\4.1.67.Final\netty-transport-native-unix-common-4.1.67.Final.jar;C:\Users\vlylova\.m2\repository\io\netty\netty-transport\4.1.68.Final\netty-transport-4.1.68.Final.jar;C:\Users\vlylova\.m2\repository\io\netty\netty-resolver\4.1.68.Final\netty-resolver-4.1.68.Final.jar;C:\Users\vlylova\.m2\repository\io\opentelemetry\opentelemetry-api\1.6.0\opentelemetry-api-1.6.0.jar;C:\Users\vlylova\.m2\repository\io\opentelemetry\opentelemetry-context\1.6.0\opentelemetry-context-1.6.0.jar;C:\Users\vlylova\.m2\repository\io\opentelemetry\opentelemetry-exporter-logging\1.6.0\opentelemetry-exporter-logging-1.6.0.jar;C:\Users\vlylova\.m2\repository\io\opentelemetry\opentelemetry-sdk-metrics\1.6.0-alpha\opentelemetry-sdk-metrics-1.6.0-alpha.jar;C:\Users\vlylova\.m2\repository\io\opentelemetry\opentelemetry-sdk-common\1.6.0\opentelemetry-sdk-common-1.6.0.jar;C:\Users\vlylova\.m2\repository\io\opentelemetry\opentelemetry-sdk-extension-autoconfigure-spi\1.6.0\opentelemetry-sdk-extension-autoconfigure-spi-1.6.0.jar;C:\Users\vlylova\.m2\repository\io\opentelemetry\opentelemetry-sdk-extension-autoconfigure\1.6.0-alpha\opentelemetry-sdk-extension-autoconfigure-1.6.0-alpha.jar;C:\Users\vlylova\.m2\repository\io\opentelemetry\opentelemetry-sdk-trace\1.6.0\opentelemetry-sdk-trace-1.6.0.jar;C:\Users\vlylova\.m2\repository\io\opentelemetry\opentelemetry-api-metrics\1.6.0-alpha\opentelemetry-api-metrics-1.6.0-alpha.jar;C:\Users\vlylova\.m2\repository\io\opentelemetry\opentelemetry-sdk\1.6.0\opentelemetry-sdk-1.6.0.jar;C:\Users\vlylova\.m2\repository\io\opentelemetry\opentelemetry-semconv\1.6.0-alpha\opentelemetry-semconv-1.6.0-alpha.jar;C:\Users\vlylova\.m2\repository\io\ous\jtoml\2.0.0\jtoml-2.0.0.jar;C:\Users\vlylova\.m2\repository\net\bytebuddy\byte-buddy\1.11.19\byte-buddy-1.11.19.jar;C:\Users\vlylova\.m2\repository\org\apache\commons\commons-exec\1.3\commons-exec-1.3.jar;C:\Users\vlylova\.m2\repository\org\asynchttpclient\async-http-client\2.12.3\async-http-client-2.12.3.jar;C:\Users\vlylova\.m2\repository\org\asynchttpclient\async-http-client-netty-utils\2.12.3\async-http-client-netty-utils-2.12.3.jar;C:\Users\vlylova\.m2\repository\io\netty\netty-codec-socks\4.1.60.Final\netty-codec-socks-4.1.60.Final.jar;C:\Users\vlylova\.m2\repository\io\netty\netty-handler-proxy\4.1.60.Final\netty-handler-proxy-4.1.60.Final.jar;C:\Users\vlylova\.m2\repository\io\netty\netty-transport-native-epoll\4.1.60.Final\netty-transport-native-epoll-4.1.60.Final-linux-x86_64.jar;C:\Users\vlylova\.m2\repository\io\netty\netty-transport-native-kqueue\4.1.60.Final\netty-transport-native-kqueue-4.1.60.Final-osx-x86_64.jar;C:\Users\vlylova\.m2\repository\org\reactivestreams\reactive-streams\1.0.3\reactive-streams-1.0.3.jar;C:\Users\vlylova\.m2\repository\com\typesafe\netty\netty-reactive-streams\2.0.4\netty-reactive-streams-2.0.4.jar;C:\Users\vlylova\.m2\repository\com\sun\activation\jakarta.activation\1.2.2\jakarta.activation-1.2.2.jar;C:\Users\vlylova\.m2\repository\org\seleniumhq\selenium\selenium-http\4.0.0\selenium-http-4.0.0.jar;C:\Users\vlylova\.m2\repository\org\seleniumhq\selenium\selenium-safari-driver\4.0.0\selenium-safari-driver-4.0.0.jar;C:\Users\vlylova\.m2\repository\org\seleniumhq\selenium\selenium-support\4.0.0\selenium-support-4.0.0.jar;C:\Users\vlylova\.m2\repository\io\github\bonigarcia\webdrivermanager\5.0.3\webdrivermanager-5.0.3.jar;C:\Users\vlylova\.m2\repository\org\slf4j\slf4j-api\1.7.32\slf4j-api-1.7.32.jar;C:\Users\vlylova\.m2\repository\com\google\code\gson\gson\2.8.8\gson-2.8.8.jar;C:\Users\vlylova\.m2\repository\org\jsoup\jsoup\1.14.2\jsoup-1.14.2.jar;C:\Users\vlylova\.m2\repository\com\github\docker-java\docker-java\3.2.12\docker-java-3.2.12.jar;C:\Users\vlylova\.m2\repository\com\github\docker-java\docker-java-core\3.2.12\docker-java-core-3.2.12.jar;C:\Users\vlylova\.m2\repository\com\github\docker-java\docker-java-api\3.2.12\docker-java-api-3.2.12.jar;C:\Users\vlylova\.m2\repository\com\fasterxml\jackson\core\jackson-annotations\2.10.3\jackson-annotations-2.10.3.jar;C:\Users\vlylova\.m2\repository\com\fasterxml\jackson\core\jackson-databind\2.10.3\jackson-databind-2.10.3.jar;C:\Users\vlylova\.m2\repository\com\fasterxml\jackson\core\jackson-core\2.10.3\jackson-core-2.10.3.jar;C:\Users\vlylova\.m2\repository\org\bouncycastle\bcpkix-jdk15on\1.64\bcpkix-jdk15on-1.64.jar;C:\Users\vlylova\.m2\repository\org\bouncycastle\bcprov-jdk15on\1.64\bcprov-jdk15on-1.64.jar;C:\Users\vlylova\.m2\repository\org\slf4j\jcl-over-slf4j\1.7.30\jcl-over-slf4j-1.7.30.jar;C:\Users\vlylova\.m2\repository\com\github\docker-java\docker-java-transport-httpclient5\3.2.12\docker-java-transport-httpclient5-3.2.12.jar;C:\Users\vlylova\.m2\repository\com\github\docker-java\docker-java-transport\3.2.12\docker-java-transport-3.2.12.jar;C:\Users\vlylova\.m2\repository\org\apache\httpcomponents\client5\httpclient5\5.0.3\httpclient5-5.0.3.jar;C:\Users\vlylova\.m2\repository\org\apache\httpcomponents\core5\httpcore5\5.0.2\httpcore5-5.0.2.jar;C:\Users\vlylova\.m2\repository\commons-codec\commons-codec\1.13\commons-codec-1.13.jar;C:\Users\vlylova\.m2\repository\net\java\dev\jna\jna\5.8.0\jna-5.8.0.jar;C:\Users\vlylova\.m2\repository\com\google\guava\guava\30.1.1-jre\guava-30.1.1-jre.jar;C:\Users\vlylova\.m2\repository\com\google\guava\failureaccess\1.0.1\failureaccess-1.0.1.jar;C:\Users\vlylova\.m2\repository\com\google\guava\listenablefuture\9999.0-empty-to-avoid-conflict-with-guava\listenablefuture-9999.0-empty-to-avoid-conflict-with-guava.jar;C:\Users\vlylova\.m2\repository\com\google\code\findbugs\jsr305\3.0.2\jsr305-3.0.2.jar;C:\Users\vlylova\.m2\repository\org\checkerframework\checker-qual\3.8.0\checker-qual-3.8.0.jar;C:\Users\vlylova\.m2\repository\com\google\errorprone\error_prone_annotations\2.5.1\error_prone_annotations-2.5.1.jar;C:\Users\vlylova\.m2\repository\com\google\j2objc\j2objc-annotations\1.3\j2objc-annotations-1.3.jar;C:\Users\vlylova\.m2\repository\org\brotli\dec\0.1.2\dec-0.1.2.jar;C:\Users\vlylova\.m2\repository\io\qameta\allure\allure-junit5\2.15.0\allure-junit5-2.15.0.jar;C:\Users\vlylova\.m2\repository\io\qameta\allure\allure-junit-platform\2.15.0\allure-junit-platform-2.15.0.jar;C:\Users\vlylova\.m2\repository\io\qameta\allure\allure-test-filter\2.15.0\allure-test-filter-2.15.0.jar;C:\Users\vlylova\.m2\repository\org\junit\platform\junit-platform-launcher\1.8.0\junit-platform-launcher-1.8.0.jar;C:\Users\vlylova\.m2\repository\commons-io\commons-io\2.6\commons-io-2.6.jar;C:\Users\vlylova\.m2\repository\ch\qos\logback\logback-classic\1.2.3\logback-classic-1.2.3.jar;C:\Users\vlylova\.m2\repository\ch\qos\logback\logback-core\1.2.6\logback-core-1.2.6.jar;C:\Users\vlylova\.m2\repository\io\qameta\allure\allure-java-commons\2.15.0\allure-java-commons-2.15.0.jar;C:\Users\vlylova\.m2\repository\io\qameta\allure\allure-model\2.15.0\allure-model-2.15.0.jar;C:\Users\vlylova\.m2\repository\io\cucumber\cucumber-java\7.1.0\cucumber-java-7.1.0.jar;C:\Users\vlylova\.m2\repository\io\cucumber\cucumber-core\7.1.0\cucumber-core-7.1.0.jar;C:\Users\vlylova\.m2\repository\io\cucumber\cucumber-gherkin\7.1.0\cucumber-gherkin-7.1.0.jar;C:\Users\vlylova\.m2\repository\io\cucumber\cucumber-gherkin-messages\7.1.0\cucumber-gherkin-messages-7.1.0.jar;C:\Users\vlylova\.m2\repository\io\cucumber\messages\17.1.1\messages-17.1.1.jar;C:\Users\vlylova\.m2\repository\io\cucumber\tag-expressions\4.1.0\tag-expressions-4.1.0.jar;C:\Users\vlylova\.m2\repository\io\cucumber\cucumber-expressions\13.0.1\cucumber-expressions-13.0.1.jar;C:\Users\vlylova\.m2\repository\io\cucumber\datatable\7.1.0\datatable-7.1.0.jar;C:\Users\vlylova\.m2\repository\io\cucumber\cucumber-plugin\7.1.0\cucumber-plugin-7.1.0.jar;C:\Users\vlylova\.m2\repository\io\cucumber\docstring\7.1.0\docstring-7.1.0.jar;C:\Users\vlylova\.m2\repository\io\cucumber\html-formatter\17.0.0\html-formatter-17.0.0.jar;C:\Users\vlylova\.m2\repository\io\cucumber\create-meta\6.0.4\create-meta-6.0.4.jar;C:\Users\vlylova\.m2\repository\io\cucumber\cucumber-junit\7.1.0\cucumber-junit-7.1.0.jar;C:\Users\vlylova\.m2\repository\junit\junit\4.13.2\junit-4.13.2.jar;C:\Users\vlylova\.m2\repository\org\hamcrest\hamcrest-core\1.3\hamcrest-core-1.3.jar;C:\Users\vlylova\.m2\repository\com\codeborne\selenide\6.1.2\selenide-6.1.2.jar;C:\Users\vlylova\.m2\repository\com\codeborne\selenide-core\6.1.2\selenide-core-6.1.2.jar;C:\Users\vlylova\.m2\repository\commons-lang\commons-lang\2.6\commons-lang-2.6.jar;C:\Users\vlylova\.m2\repository\org\apache\commons\commons-compress\1.21\commons-compress-1.21.jar;C:\Users\vlylova\.m2\repository\org\apache\commons\commons-lang3\3.12.0\commons-lang3-3.12.0.jar;C:\Users\vlylova\.m2\repository\org\junit\vintage\junit-vintage-engine\5.7.0\junit-vintage-engine-5.7.0.jar;"/>
    <property name="java.vm.vendor" value="Oracle Corporation"/>
    <property name="sun.arch.data.model" value="64"/>
    <property name="user.variant" value=""/>
    <property name="java.vendor.url" value="https://openjdk.java.net/"/>
    <property name="user.timezone" value="Europe/Moscow"/>
    <property name="java.vm.specification.version" value="11"/>
    <property name="os.name" value="Windows 10"/>
    <property name="sun.java.launcher" value="SUN_STANDARD"/>
    <property name="user.country" value="US"/>
    <property name="sun.boot.library.path" value="C:\Program Files\Java\jdk-11.0.13\bin"/>
    <property name="sun.java.command" value="C:\Users\vlylova\AppData\Local\Temp\surefire10219981033467178173\surefirebooter17451371865250667288.jar C:\Users\vlylova\AppData\Local\Temp\surefire10219981033467178173 2022-05-10T16-57-25_263-jvmRun1 surefire13606614661194093778tmp surefire_0498157578223956907tmp"/>
    <property name="jdk.debug" value="release"/>
    <property name="surefire.test.class.path" value="C:\Users\vlylova\Desktop\MyMavenProject\target\test-classes;C:\Users\vlylova\Desktop\MyMavenProject\target\classes;C:\Users\vlylova\.m2\repository\org\junit\platform\junit-platform-commons\1.7.0\junit-platform-commons-1.7.0.jar;C:\Users\vlylova\.m2\repository\org\apiguardian\apiguardian-api\1.1.0\apiguardian-api-1.1.0.jar;C:\Users\vlylova\.m2\repository\org\junit\jupiter\junit-jupiter-engine\5.6.2\junit-jupiter-engine-5.6.2.jar;C:\Users\vlylova\.m2\repository\org\junit\platform\junit-platform-engine\1.6.2\junit-platform-engine-1.6.2.jar;C:\Users\vlylova\.m2\repository\org\junit\jupiter\junit-jupiter-params\5.6.2\junit-jupiter-params-5.6.2.jar;C:\Users\vlylova\.m2\repository\org\junit\jupiter\junit-jupiter-api\5.6.2\junit-jupiter-api-5.6.2.jar;C:\Users\vlylova\.m2\repository\org\opentest4j\opentest4j\1.2.0\opentest4j-1.2.0.jar;C:\Users\vlylova\.m2\repository\org\seleniumhq\selenium\selenium-java\4.0.0\selenium-java-4.0.0.jar;C:\Users\vlylova\.m2\repository\org\seleniumhq\selenium\selenium-api\4.0.0\selenium-api-4.0.0.jar;C:\Users\vlylova\.m2\repository\org\seleniumhq\selenium\selenium-chrome-driver\4.0.0\selenium-chrome-driver-4.0.0.jar;C:\Users\vlylova\.m2\repository\com\google\auto\service\auto-service-annotations\1.0\auto-service-annotations-1.0.jar;C:\Users\vlylova\.m2\repository\com\google\auto\service\auto-service\1.0\auto-service-1.0.jar;C:\Users\vlylova\.m2\repository\com\google\auto\auto-common\1.0\auto-common-1.0.jar;C:\Users\vlylova\.m2\repository\org\seleniumhq\selenium\selenium-chromium-driver\4.0.0\selenium-chromium-driver-4.0.0.jar;C:\Users\vlylova\.m2\repository\org\seleniumhq\selenium\selenium-json\4.0.0\selenium-json-4.0.0.jar;C:\Users\vlylova\.m2\repository\org\seleniumhq\selenium\selenium-devtools-v85\4.0.0\selenium-devtools-v85-4.0.0.jar;C:\Users\vlylova\.m2\repository\org\seleniumhq\selenium\selenium-devtools-v93\4.0.0\selenium-devtools-v93-4.0.0.jar;C:\Users\vlylova\.m2\repository\org\seleniumhq\selenium\selenium-devtools-v94\4.0.0\selenium-devtools-v94-4.0.0.jar;C:\Users\vlylova\.m2\repository\org\seleniumhq\selenium\selenium-devtools-v95\4.0.0\selenium-devtools-v95-4.0.0.jar;C:\Users\vlylova\.m2\repository\org\seleniumhq\selenium\selenium-edge-driver\4.0.0\selenium-edge-driver-4.0.0.jar;C:\Users\vlylova\.m2\repository\org\seleniumhq\selenium\selenium-firefox-driver\4.0.0\selenium-firefox-driver-4.0.0.jar;C:\Users\vlylova\.m2\repository\org\seleniumhq\selenium\selenium-firefox-xpi-driver\4.0.0\selenium-firefox-xpi-driver-4.0.0.jar;C:\Users\vlylova\.m2\repository\org\seleniumhq\selenium\selenium-ie-driver\4.0.0\selenium-ie-driver-4.0.0.jar;C:\Users\vlylova\.m2\repository\org\seleniumhq\selenium\selenium-opera-driver\4.0.0\selenium-opera-driver-4.0.0.jar;C:\Users\vlylova\.m2\repository\org\seleniumhq\selenium\selenium-remote-driver\4.0.0\selenium-remote-driver-4.0.0.jar;C:\Users\vlylova\.m2\repository\com\beust\jcommander\1.81\jcommander-1.81.jar;C:\Users\vlylova\.m2\repository\io\netty\netty-buffer\4.1.68.Final\netty-buffer-4.1.68.Final.jar;C:\Users\vlylova\.m2\repository\io\netty\netty-codec-http\4.1.67.Final\netty-codec-http-4.1.67.Final.jar;C:\Users\vlylova\.m2\repository\io\netty\netty-codec\4.1.67.Final\netty-codec-4.1.67.Final.jar;C:\Users\vlylova\.m2\repository\io\netty\netty-handler\4.1.67.Final\netty-handler-4.1.67.Final.jar;C:\Users\vlylova\.m2\repository\io\netty\netty-common\4.1.68.Final\netty-common-4.1.68.Final.jar;C:\Users\vlylova\.m2\repository\io\netty\netty-transport-native-epoll\4.1.67.Final\netty-transport-native-epoll-4.1.67.Final.jar;C:\Users\vlylova\.m2\repository\io\netty\netty-transport-native-kqueue\4.1.67.Final\netty-transport-native-kqueue-4.1.67.Final.jar;C:\Users\vlylova\.m2\repository\io\netty\netty-transport-native-unix-common\4.1.67.Final\netty-transport-native-unix-common-4.1.67.Final.jar;C:\Users\vlylova\.m2\repository\io\netty\netty-transport\4.1.68.Final\netty-transport-4.1.68.Final.jar;C:\Users\vlylova\.m2\repository\io\netty\netty-resolver\4.1.68.Final\netty-resolver-4.1.68.Final.jar;C:\Users\vlylova\.m2\repository\io\opentelemetry\opentelemetry-api\1.6.0\opentelemetry-api-1.6.0.jar;C:\Users\vlylova\.m2\repository\io\opentelemetry\opentelemetry-context\1.6.0\opentelemetry-context-1.6.0.jar;C:\Users\vlylova\.m2\repository\io\opentelemetry\opentelemetry-exporter-logging\1.6.0\opentelemetry-exporter-logging-1.6.0.jar;C:\Users\vlylova\.m2\repository\io\opentelemetry\opentelemetry-sdk-metrics\1.6.0-alpha\opentelemetry-sdk-metrics-1.6.0-alpha.jar;C:\Users\vlylova\.m2\repository\io\opentelemetry\opentelemetry-sdk-common\1.6.0\opentelemetry-sdk-common-1.6.0.jar;C:\Users\vlylova\.m2\repository\io\opentelemetry\opentelemetry-sdk-extension-autoconfigure-spi\1.6.0\opentelemetry-sdk-extension-autoconfigure-spi-1.6.0.jar;C:\Users\vlylova\.m2\repository\io\opentelemetry\opentelemetry-sdk-extension-autoconfigure\1.6.0-alpha\opentelemetry-sdk-extension-autoconfigure-1.6.0-alpha.jar;C:\Users\vlylova\.m2\repository\io\opentelemetry\opentelemetry-sdk-trace\1.6.0\opentelemetry-sdk-trace-1.6.0.jar;C:\Users\vlylova\.m2\repository\io\opentelemetry\opentelemetry-api-metrics\1.6.0-alpha\opentelemetry-api-metrics-1.6.0-alpha.jar;C:\Users\vlylova\.m2\repository\io\opentelemetry\opentelemetry-sdk\1.6.0\opentelemetry-sdk-1.6.0.jar;C:\Users\vlylova\.m2\repository\io\opentelemetry\opentelemetry-semconv\1.6.0-alpha\opentelemetry-semconv-1.6.0-alpha.jar;C:\Users\vlylova\.m2\repository\io\ous\jtoml\2.0.0\jtoml-2.0.0.jar;C:\Users\vlylova\.m2\repository\net\bytebuddy\byte-buddy\1.11.19\byte-buddy-1.11.19.jar;C:\Users\vlylova\.m2\repository\org\apache\commons\commons-exec\1.3\commons-exec-1.3.jar;C:\Users\vlylova\.m2\repository\org\asynchttpclient\async-http-client\2.12.3\async-http-client-2.12.3.jar;C:\Users\vlylova\.m2\repository\org\asynchttpclient\async-http-client-netty-utils\2.12.3\async-http-client-netty-utils-2.12.3.jar;C:\Users\vlylova\.m2\repository\io\netty\netty-codec-socks\4.1.60.Final\netty-codec-socks-4.1.60.Final.jar;C:\Users\vlylova\.m2\repository\io\netty\netty-handler-proxy\4.1.60.Final\netty-handler-proxy-4.1.60.Final.jar;C:\Users\vlylova\.m2\repository\io\netty\netty-transport-native-epoll\4.1.60.Final\netty-transport-native-epoll-4.1.60.Final-linux-x86_64.jar;C:\Users\vlylova\.m2\repository\io\netty\netty-transport-native-kqueue\4.1.60.Final\netty-transport-native-kqueue-4.1.60.Final-osx-x86_64.jar;C:\Users\vlylova\.m2\repository\org\reactivestreams\reactive-streams\1.0.3\reactive-streams-1.0.3.jar;C:\Users\vlylova\.m2\repository\com\typesafe\netty\netty-reactive-streams\2.0.4\netty-reactive-streams-2.0.4.jar;C:\Users\vlylova\.m2\repository\com\sun\activation\jakarta.activation\1.2.2\jakarta.activation-1.2.2.jar;C:\Users\vlylova\.m2\repository\org\seleniumhq\selenium\selenium-http\4.0.0\selenium-http-4.0.0.jar;C:\Users\vlylova\.m2\repository\org\seleniumhq\selenium\selenium-safari-driver\4.0.0\selenium-safari-driver-4.0.0.jar;C:\Users\vlylova\.m2\repository\org\seleniumhq\selenium\selenium-support\4.0.0\selenium-support-4.0.0.jar;C:\Users\vlylova\.m2\repository\io\github\bonigarcia\webdrivermanager\5.0.3\webdrivermanager-5.0.3.jar;C:\Users\vlylova\.m2\repository\org\slf4j\slf4j-api\1.7.32\slf4j-api-1.7.32.jar;C:\Users\vlylova\.m2\repository\com\google\code\gson\gson\2.8.8\gson-2.8.8.jar;C:\Users\vlylova\.m2\repository\org\jsoup\jsoup\1.14.2\jsoup-1.14.2.jar;C:\Users\vlylova\.m2\repository\com\github\docker-java\docker-java\3.2.12\docker-java-3.2.12.jar;C:\Users\vlylova\.m2\repository\com\github\docker-java\docker-java-core\3.2.12\docker-java-core-3.2.12.jar;C:\Users\vlylova\.m2\repository\com\github\docker-java\docker-java-api\3.2.12\docker-java-api-3.2.12.jar;C:\Users\vlylova\.m2\repository\com\fasterxml\jackson\core\jackson-annotations\2.10.3\jackson-annotations-2.10.3.jar;C:\Users\vlylova\.m2\repository\com\fasterxml\jackson\core\jackson-databind\2.10.3\jackson-databind-2.10.3.jar;C:\Users\vlylova\.m2\repository\com\fasterxml\jackson\core\jackson-core\2.10.3\jackson-core-2.10.3.jar;C:\Users\vlylova\.m2\repository\org\bouncycastle\bcpkix-jdk15on\1.64\bcpkix-jdk15on-1.64.jar;C:\Users\vlylova\.m2\repository\org\bouncycastle\bcprov-jdk15on\1.64\bcprov-jdk15on-1.64.jar;C:\Users\vlylova\.m2\repository\org\slf4j\jcl-over-slf4j\1.7.30\jcl-over-slf4j-1.7.30.jar;C:\Users\vlylova\.m2\repository\com\github\docker-java\docker-java-transport-httpclient5\3.2.12\docker-java-transport-httpclient5-3.2.12.jar;C:\Users\vlylova\.m2\repository\com\github\docker-java\docker-java-transport\3.2.12\docker-java-transport-3.2.12.jar;C:\Users\vlylova\.m2\repository\org\apache\httpcomponents\client5\httpclient5\5.0.3\httpclient5-5.0.3.jar;C:\Users\vlylova\.m2\repository\org\apache\httpcomponents\core5\httpcore5\5.0.2\httpcore5-5.0.2.jar;C:\Users\vlylova\.m2\repository\commons-codec\commons-codec\1.13\commons-codec-1.13.jar;C:\Users\vlylova\.m2\repository\net\java\dev\jna\jna\5.8.0\jna-5.8.0.jar;C:\Users\vlylova\.m2\repository\com\google\guava\guava\30.1.1-jre\guava-30.1.1-jre.jar;C:\Users\vlylova\.m2\repository\com\google\guava\failureaccess\1.0.1\failureaccess-1.0.1.jar;C:\Users\vlylova\.m2\repository\com\google\guava\listenablefuture\9999.0-empty-to-avoid-conflict-with-guava\listenablefuture-9999.0-empty-to-avoid-conflict-with-guava.jar;C:\Users\vlylova\.m2\repository\com\google\code\findbugs\jsr305\3.0.2\jsr305-3.0.2.jar;C:\Users\vlylova\.m2\repository\org\checkerframework\checker-qual\3.8.0\checker-qual-3.8.0.jar;C:\Users\vlylova\.m2\repository\com\google\errorprone\error_prone_annotations\2.5.1\error_prone_annotations-2.5.1.jar;C:\Users\vlylova\.m2\repository\com\google\j2objc\j2objc-annotations\1.3\j2objc-annotations-1.3.jar;C:\Users\vlylova\.m2\repository\org\brotli\dec\0.1.2\dec-0.1.2.jar;C:\Users\vlylova\.m2\repository\io\qameta\allure\allure-junit5\2.15.0\allure-junit5-2.15.0.jar;C:\Users\vlylova\.m2\repository\io\qameta\allure\allure-junit-platform\2.15.0\allure-junit-platform-2.15.0.jar;C:\Users\vlylova\.m2\repository\io\qameta\allure\allure-test-filter\2.15.0\allure-test-filter-2.15.0.jar;C:\Users\vlylova\.m2\repository\org\junit\platform\junit-platform-launcher\1.8.0\junit-platform-launcher-1.8.0.jar;C:\Users\vlylova\.m2\repository\commons-io\commons-io\2.6\commons-io-2.6.jar;C:\Users\vlylova\.m2\repository\ch\qos\logback\logback-classic\1.2.3\logback-classic-1.2.3.jar;C:\Users\vlylova\.m2\repository\ch\qos\logback\logback-core\1.2.6\logback-core-1.2.6.jar;C:\Users\vlylova\.m2\repository\io\qameta\allure\allure-java-commons\2.15.0\allure-java-commons-2.15.0.jar;C:\Users\vlylova\.m2\repository\io\qameta\allure\allure-model\2.15.0\allure-model-2.15.0.jar;C:\Users\vlylova\.m2\repository\io\cucumber\cucumber-java\7.1.0\cucumber-java-7.1.0.jar;C:\Users\vlylova\.m2\repository\io\cucumber\cucumber-core\7.1.0\cucumber-core-7.1.0.jar;C:\Users\vlylova\.m2\repository\io\cucumber\cucumber-gherkin\7.1.0\cucumber-gherkin-7.1.0.jar;C:\Users\vlylova\.m2\repository\io\cucumber\cucumber-gherkin-messages\7.1.0\cucumber-gherkin-messages-7.1.0.jar;C:\Users\vlylova\.m2\repository\io\cucumber\messages\17.1.1\messages-17.1.1.jar;C:\Users\vlylova\.m2\repository\io\cucumber\tag-expressions\4.1.0\tag-expressions-4.1.0.jar;C:\Users\vlylova\.m2\repository\io\cucumber\cucumber-expressions\13.0.1\cucumber-expressions-13.0.1.jar;C:\Users\vlylova\.m2\repository\io\cucumber\datatable\7.1.0\datatable-7.1.0.jar;C:\Users\vlylova\.m2\repository\io\cucumber\cucumber-plugin\7.1.0\cucumber-plugin-7.1.0.jar;C:\Users\vlylova\.m2\repository\io\cucumber\docstring\7.1.0\docstring-7.1.0.jar;C:\Users\vlylova\.m2\repository\io\cucumber\html-formatter\17.0.0\html-formatter-17.0.0.jar;C:\Users\vlylova\.m2\repository\io\cucumber\create-meta\6.0.4\create-meta-6.0.4.jar;C:\Users\vlylova\.m2\repository\io\cucumber\cucumber-junit\7.1.0\cucumber-junit-7.1.0.jar;C:\Users\vlylova\.m2\repository\junit\junit\4.13.2\junit-4.13.2.jar;C:\Users\vlylova\.m2\repository\org\hamcrest\hamcrest-core\1.3\hamcrest-core-1.3.jar;C:\Users\vlylova\.m2\repository\com\codeborne\selenide\6.1.2\selenide-6.1.2.jar;C:\Users\vlylova\.m2\repository\com\codeborne\selenide-core\6.1.2\selenide-core-6.1.2.jar;C:\Users\vlylova\.m2\repository\commons-lang\commons-lang\2.6\commons-lang-2.6.jar;C:\Users\vlylova\.m2\repository\org\apache\commons\commons-compress\1.21\commons-compress-1.21.jar;C:\Users\vlylova\.m2\repository\org\apache\commons\commons-lang3\3.12.0\commons-lang3-3.12.0.jar;C:\Users\vlylova\.m2\repository\org\junit\vintage\junit-vintage-engine\5.7.0\junit-vintage-engine-5.7.0.jar;"/>
    <property name="sun.cpu.endian" value="little"/>
    <property name="user.home" value="C:\Users\vlylova"/>
    <property name="user.language" value="en"/>
    <property name="java.specification.vendor" value="Oracle Corporation"/>
    <property name="java.version.date" value="2021-10-19"/>
    <property name="java.home" value="C:\Program Files\Java\jdk-11.0.13"/>
    <property name="file.separator" value="\"/>
    <property name="basedir" value="C:\Users\vlylova\Desktop\MyMavenProject"/>
    <property name="java.vm.compressedOopsMode" value="Zero based"/>
    <property name="line.separator" value="&#10;"/>
    <property name="java.specification.name" value="Java Platform API Specification"/>
    <property name="java.vm.specification.vendor" value="Oracle Corporation"/>
    <property name="java.awt.graphicsenv" value="sun.awt.Win32GraphicsEnvironment"/>
    <property name="surefire.real.class.path" value="C:\Users\vlylova\AppData\Local\Temp\surefire10219981033467178173\surefirebooter17451371865250667288.jar"/>
    <property name="user.script" value=""/>
    <property name="sun.management.compiler" value="HotSpot 64-Bit Tiered Compilers"/>
    <property name="java.runtime.version" value="11.0.13+10-LTS-370"/>
    <property name="user.name" value="vlylova"/>
    <property name="path.separator" value=";"/>
    <property name="os.version" value="10.0"/>
    <property name="java.runtime.name" value="Java(TM) SE Runtime Environment"/>
    <property name="file.encoding" value="Cp1252"/>
    <property name="java.vm.name" value="Java HotSpot(TM) 64-Bit Server VM"/>
    <property name="java.vendor.version" value="18.9"/>
    <property name="localRepository" value="C:\Users\vlylova\.m2\repository"/>
    <property name="java.vendor.url.bug" value="https://bugreport.java.com/bugreport/"/>
    <property name="java.io.tmpdir" value="C:\Users\vlylova\AppData\Local\Temp\"/>
    <property name="idea.version" value="2021.3.1"/>
    <property name="java.version" value="11.0.13"/>
    <property name="user.dir" value="C:\Users\vlylova\Desktop\MyMavenProject"/>
    <property name="os.arch" value="amd64"/>
    <property name="java.vm.specification.name" value="Java Virtual Machine Specification"/>
    <property name="java.awt.printerjob" value="sun.awt.windows.WPrinterJob"/>
    <property name="sun.os.patch.level" value=""/>
    <property name="java.library.path" value="C:\Program Files\Java\jdk-11.0.13\bin;C:\Windows\Sun\Java\bin;C:\Windows\system32;C:\Windows;C:\Program Files\Common Files\Oracle\Java\javapath;C:\Program Files (x86)\Common Files\Oracle\Java\javapath;C:\Windows\system32;C:\Windows;C:\Windows\System32\Wbem;C:\Windows\System32\WindowsPowerShell\v1.0\;C:\Windows\System32\OpenSSH\;C:\Program Files\Git\cmd;C:\webdrivers;C:\Python 310\Scripts\;C:\Python 310\;C:\Users\vlylova\AppData\Local\Microsoft\WindowsApps;C:\Users\vlylova\AppData\Local\gitkraken\bin;C:\Users\vlylova\AppData\Local\Programs\Microsoft VS Code\bin;C:\Program Files (x86)\BrowserStackLocal\;."/>
    <property name="junit.jupiter.extensions.autodetection.enabled" value="true"/>
    <property name="java.vendor" value="Oracle Corporation"/>
    <property name="java.vm.info" value="mixed mode"/>
    <property name="java.vm.version" value="11.0.13+10-LTS-370"/>
    <property name="sun.io.unicode.encoding" value="UnicodeLittle"/>
    <property name="java.class.version" value="55.0"/>
  </properties>
  <testcase name="changeNameTest" classname="hw6.EventListenerTest" time="30.204">
    <error message="no such element: Unable to locate element: {&quot;method&quot;:&quot;css selector&quot;,&quot;selector&quot;:&quot;.sb-icon-search&quot;}&#10;  (Session info: chrome=101.0.4951.54)&#10;For documentation on this error, please visit: https://selenium.dev/exceptions/#no_such_element&#10;Build info: version: &apos;4.0.0&apos;, revision: &apos;3a21814679&apos;&#10;System info: host: &apos;VLYLOVA-NB&apos;, ip: &apos;10.10.113.9&apos;, os.name: &apos;Windows 10&apos;, os.arch: &apos;amd64&apos;, os.version: &apos;10.0&apos;, java.version: &apos;11.0.13&apos;&#10;Driver info: org.openqa.selenium.chrome.ChromeDriver&#10;Command: [0f0a4c6dec8a943e8c18ac906499e1c1, findElement {using=css selector, value=.sb-icon-search}]&#10;Capabilities {acceptInsecureCerts: false, browserName: chrome, browserVersion: 101.0.4951.54, chrome: {chromedriverVersion: 101.0.4951.41 (93c720db8323..., userDataDir: C:\Users\vlylova\AppData\Lo...}, goog:chromeOptions: {debuggerAddress: localhost:52427}, javascriptEnabled: true, networkConnectionEnabled: false, pageLoadStrategy: normal, platform: WINDOWS, platformName: WINDOWS, proxy: Proxy(), se:cdp: ws://localhost:52427/devtoo..., se:cdpVersion: 101.0.4951.54, setWindowRect: true, strictFileInteractability: false, timeouts: {implicit: 0, pageLoad: 300000, script: 30000}, unhandledPromptBehavior: dismiss and notify, webauthn:extension:credBlob: true, webauthn:extension:largeBlob: true, webauthn:virtualAuthenticators: true}&#10;Session ID: 0f0a4c6dec8a943e8c18ac906499e1c1" type="org.openqa.selenium.NoSuchElementException">org.openqa.selenium.NoSuchElementException: 
no such element: Unable to locate element: {"method":"css selector","selector":".sb-icon-search"}
  (Session info: chrome=101.0.4951.54)
For documentation on this error, please visit: https://selenium.dev/exceptions/#no_such_element
Build info: version: '4.0.0', revision: '3a21814679'
System info: host: 'VLYLOVA-NB', ip: '10.10.113.9', os.name: 'Windows 10', os.arch: 'amd64', os.version: '10.0', java.version: '11.0.13'
Driver info: org.openqa.selenium.chrome.ChromeDriver
Command: [0f0a4c6dec8a943e8c18ac906499e1c1, findElement {using=css selector, value=.sb-icon-search}]
Capabilities {acceptInsecureCerts: false, browserName: chrome, browserVersion: 101.0.4951.54, chrome: {chromedriverVersion: 101.0.4951.41 (93c720db8323..., userDataDir: C:\Users\vlylova\AppData\Lo...}, goog:chromeOptions: {debuggerAddress: localhost:52427}, javascriptEnabled: true, networkConnectionEnabled: false, pageLoadStrategy: normal, platform: WINDOWS, platformName: WINDOWS, proxy: Proxy(), se:cdp: ws://localhost:52427/devtoo..., se:cdpVersion: 101.0.4951.54, setWindowRect: true, strictFileInteractability: false, timeouts: {implicit: 0, pageLoad: 300000, script: 30000}, unhandledPromptBehavior: dismiss and notify, webauthn:extension:credBlob: true, webauthn:extension:largeBlob: true, webauthn:virtualAuthenticators: true}
Session ID: 0f0a4c6dec8a943e8c18ac906499e1c1
	at hw6.EventListenerTest.changeNameTest(EventListenerTest.java:29)
</error>
    <system-out><![CDATA[16:59:01.415 [main] DEBUG io.github.bonigarcia.wdm.cache.ResolutionCache - Resolution chrome=101 in cache (valid until 17:58:19 10/05/2022 MSK)
16:59:01.417 [main] DEBUG io.github.bonigarcia.wdm.cache.ResolutionCache - Resolution chrome101=101.0.4951.41 in cache (valid until 15:58:11 11/05/2022 MSK)
16:59:01.417 [main] INFO io.github.bonigarcia.wdm.WebDriverManager - Using chromedriver 101.0.4951.41 (resolved driver for Chrome 101)
16:59:01.425 [main] DEBUG io.github.bonigarcia.wdm.WebDriverManager - Driver chromedriver 101.0.4951.41 found in cache
16:59:01.426 [main] INFO io.github.bonigarcia.wdm.WebDriverManager - Exporting webdriver.chrome.driver as C:\Users\vlylova\.cache\selenium\chromedriver\win32\101.0.4951.41\chromedriver.exe
16:59:01.976 [AsyncHttpClient-1-14] DEBUG org.asynchttpclient.netty.channel.NettyConnectListener - Using new Channel '[id: 0xebc0fd0a, L:/127.0.0.1:52426 - R:localhost/127.0.0.1:51211]' for 'POST' to '/session'
16:59:02.537 [AsyncHttpClient-1-14] DEBUG org.asynchttpclient.netty.handler.HttpHandler - 

Request DefaultHttpRequest(decodeResult: success, version: HTTP/1.1)
POST /session HTTP/1.1
User-Agent: selenium/4.0.0 (java windows)
Content-Length: 471
Content-Type: application/json; charset=utf-8
host: localhost:51211
accept: */*

Response DefaultHttpResponse(decodeResult: success, version: HTTP/1.1)
HTTP/1.1 200 OK
Content-Type: application/json; charset=utf-8
cache-control: no-cache
content-length: 790

16:59:02.537 [AsyncHttpClient-1-14] DEBUG org.asynchttpclient.netty.channel.ChannelManager - Adding key: http://localhost:51211 for channel [id: 0xebc0fd0a, L:/127.0.0.1:52426 - R:localhost/127.0.0.1:51211]
16:59:02.554 [AsyncHttpClient-1-15] DEBUG org.asynchttpclient.netty.channel.NettyConnectListener - Using new Channel '[id: 0x6d4d7b6d, L:/127.0.0.1:52433 - R:localhost/127.0.0.1:52427]' for 'GET' to '/json/version'
16:59:02.563 [AsyncHttpClient-1-15] DEBUG org.asynchttpclient.netty.handler.HttpHandler - 

Request DefaultFullHttpRequest(decodeResult: success, version: HTTP/1.1, content: EmptyByteBufBE)
GET /json/version HTTP/1.1
User-Agent: selenium/4.0.0 (java windows)
host: localhost:52427
accept: */*

Response DefaultHttpResponse(decodeResult: success, version: HTTP/1.1)
HTTP/1.1 200 OK
Content-Type: application/json; charset=UTF-8
content-length: 427

16:59:02.563 [AsyncHttpClient-1-15] DEBUG org.asynchttpclient.netty.channel.ChannelManager - Adding key: http://localhost:52427 for channel [id: 0x6d4d7b6d, L:/127.0.0.1:52433 - R:localhost/127.0.0.1:52427]
16:59:02.569 [AsyncHttpClient-1-16] DEBUG org.asynchttpclient.netty.channel.NettyConnectListener - Using new Channel '[id: 0xf47e7ec7, L:/127.0.0.1:52434 - R:localhost/127.0.0.1:52427]' for 'GET' to '/devtools/browser/8756ae9a-5860-4c83-a761-9c5932524cb3'
16:59:02.578 [AsyncHttpClient-1-16] DEBUG org.asynchttpclient.netty.handler.WebSocketHandler - 

Request DefaultFullHttpRequest(decodeResult: success, version: HTTP/1.1, content: EmptyByteBufBE)
GET /devtools/browser/8756ae9a-5860-4c83-a761-9c5932524cb3 HTTP/1.1
upgrade: websocket
connection: upgrade
sec-websocket-key: UVcT2rhG5aLdYkPxv+YI0A==
sec-websocket-version: 13
origin: http://localhost:52427
host: localhost:52427
accept: */*
user-agent: AHC/2.1

Response DefaultHttpResponse(decodeResult: success, version: HTTP/1.1)
HTTP/1.1 101 WebSocket Protocol Handshake
Upgrade: WebSocket
Connection: Upgrade
Sec-WebSocket-Accept: f7OnGoRiE+4bwMuGh1tTlzgDy2I=

16:59:02.587 [Forwarding setTimeout on session 0f0a4c6dec8a943e8c18ac906499e1c1 to remote] DEBUG org.asynchttpclient.netty.request.NettyRequestSender - Using pooled Channel '[id: 0xebc0fd0a, L:/127.0.0.1:52426 - R:localhost/127.0.0.1:51211]' for 'POST' to 'http://localhost:51211/session/0f0a4c6dec8a943e8c18ac906499e1c1/timeouts'
16:59:02.587 [Forwarding setTimeout on session 0f0a4c6dec8a943e8c18ac906499e1c1 to remote] DEBUG org.asynchttpclient.netty.request.NettyRequestSender - Using open Channel [id: 0xebc0fd0a, L:/127.0.0.1:52426 - R:localhost/127.0.0.1:51211] for POST '/session/0f0a4c6dec8a943e8c18ac906499e1c1/timeouts'
16:59:02.589 [AsyncHttpClient-1-14] DEBUG org.asynchttpclient.netty.handler.HttpHandler - 

Request DefaultHttpRequest(decodeResult: success, version: HTTP/1.1)
POST /session/0f0a4c6dec8a943e8c18ac906499e1c1/timeouts HTTP/1.1
User-Agent: selenium/4.0.0 (java windows)
Content-Length: 23
Content-Type: application/json; charset=utf-8
host: localhost:51211
accept: */*

Response DefaultHttpResponse(decodeResult: success, version: HTTP/1.1)
HTTP/1.1 200 OK
Content-Type: application/json; charset=utf-8
cache-control: no-cache
content-length: 14

16:59:02.590 [AsyncHttpClient-1-14] DEBUG org.asynchttpclient.netty.channel.ChannelManager - Adding key: http://localhost:51211 for channel [id: 0xebc0fd0a, L:/127.0.0.1:52426 - R:localhost/127.0.0.1:51211]
16:59:02.598 [Forwarding get on session 0f0a4c6dec8a943e8c18ac906499e1c1 to remote] DEBUG org.asynchttpclient.netty.request.NettyRequestSender - Using pooled Channel '[id: 0xebc0fd0a, L:/127.0.0.1:52426 - R:localhost/127.0.0.1:51211]' for 'POST' to 'http://localhost:51211/session/0f0a4c6dec8a943e8c18ac906499e1c1/url'
16:59:02.599 [Forwarding get on session 0f0a4c6dec8a943e8c18ac906499e1c1 to remote] DEBUG org.asynchttpclient.netty.request.NettyRequestSender - Using open Channel [id: 0xebc0fd0a, L:/127.0.0.1:52426 - R:localhost/127.0.0.1:51211] for POST '/session/0f0a4c6dec8a943e8c18ac906499e1c1/url'
16:59:03.238 [AsyncHttpClient-1-1] DEBUG org.asynchttpclient.netty.channel.DefaultChannelPool - Entry count for : http://localhost:52427 : 1
16:59:04.338 [AsyncHttpClient-1-1] DEBUG org.asynchttpclient.netty.channel.DefaultChannelPool - Entry count for : http://localhost:52427 : 1
16:59:05.445 [AsyncHttpClient-1-1] DEBUG org.asynchttpclient.netty.channel.DefaultChannelPool - Entry count for : http://localhost:52427 : 1
16:59:06.538 [AsyncHttpClient-1-1] DEBUG org.asynchttpclient.netty.channel.DefaultChannelPool - Entry count for : http://localhost:52427 : 1
16:59:07.638 [AsyncHttpClient-1-1] DEBUG org.asynchttpclient.netty.channel.DefaultChannelPool - Entry count for : http://localhost:52427 : 1
16:59:08.738 [AsyncHttpClient-1-1] DEBUG org.asynchttpclient.netty.channel.DefaultChannelPool - Entry count for : http://localhost:52427 : 1
16:59:09.838 [AsyncHttpClient-1-1] DEBUG org.asynchttpclient.netty.channel.DefaultChannelPool - Entry count for : http://localhost:52427 : 1
16:59:10.937 [AsyncHttpClient-1-1] DEBUG org.asynchttpclient.netty.channel.DefaultChannelPool - Entry count for : http://localhost:52427 : 1
16:59:12.038 [AsyncHttpClient-1-1] DEBUG org.asynchttpclient.netty.channel.DefaultChannelPool - Entry count for : http://localhost:52427 : 1
16:59:12.362 [AsyncHttpClient-1-14] DEBUG org.asynchttpclient.netty.handler.HttpHandler - 

Request DefaultHttpRequest(decodeResult: success, version: HTTP/1.1)
POST /session/0f0a4c6dec8a943e8c18ac906499e1c1/url HTTP/1.1
User-Agent: selenium/4.0.0 (java windows)
Content-Length: 44
Content-Type: application/json; charset=utf-8
host: localhost:51211
accept: */*

Response DefaultHttpResponse(decodeResult: success, version: HTTP/1.1)
HTTP/1.1 200 OK
Content-Type: application/json; charset=utf-8
cache-control: no-cache
content-length: 14

16:59:12.363 [AsyncHttpClient-1-14] DEBUG org.asynchttpclient.netty.channel.ChannelManager - Adding key: http://localhost:51211 for channel [id: 0xebc0fd0a, L:/127.0.0.1:52426 - R:localhost/127.0.0.1:51211]
16:59:12.367 [Forwarding findElement on session 0f0a4c6dec8a943e8c18ac906499e1c1 to remote] DEBUG org.asynchttpclient.netty.request.NettyRequestSender - Using pooled Channel '[id: 0xebc0fd0a, L:/127.0.0.1:52426 - R:localhost/127.0.0.1:51211]' for 'POST' to 'http://localhost:51211/session/0f0a4c6dec8a943e8c18ac906499e1c1/element'
16:59:12.367 [Forwarding findElement on session 0f0a4c6dec8a943e8c18ac906499e1c1 to remote] DEBUG org.asynchttpclient.netty.request.NettyRequestSender - Using open Channel [id: 0xebc0fd0a, L:/127.0.0.1:52426 - R:localhost/127.0.0.1:51211] for POST '/session/0f0a4c6dec8a943e8c18ac906499e1c1/element'
16:59:13.139 [AsyncHttpClient-1-1] DEBUG org.asynchttpclient.netty.channel.DefaultChannelPool - Entry count for : http://localhost:52427 : 1
16:59:14.244 [AsyncHttpClient-1-1] DEBUG org.asynchttpclient.netty.channel.DefaultChannelPool - Entry count for : http://localhost:52427 : 1
16:59:15.338 [AsyncHttpClient-1-1] DEBUG org.asynchttpclient.netty.channel.DefaultChannelPool - Entry count for : http://localhost:52427 : 1
16:59:16.439 [AsyncHttpClient-1-1] DEBUG org.asynchttpclient.netty.channel.DefaultChannelPool - Entry count for : http://localhost:52427 : 1
16:59:17.538 [AsyncHttpClient-1-1] DEBUG org.asynchttpclient.netty.channel.DefaultChannelPool - Entry count for : http://localhost:52427 : 1
16:59:18.637 [AsyncHttpClient-1-1] DEBUG org.asynchttpclient.netty.channel.DefaultChannelPool - Entry count for : http://localhost:52427 : 1
16:59:19.740 [AsyncHttpClient-1-1] DEBUG org.asynchttpclient.netty.channel.DefaultChannelPool - Entry count for : http://localhost:52427 : 1
16:59:20.838 [AsyncHttpClient-1-1] DEBUG org.asynchttpclient.netty.channel.DefaultChannelPool - Entry count for : http://localhost:52427 : 1
16:59:21.947 [AsyncHttpClient-1-1] DEBUG org.asynchttpclient.netty.channel.DefaultChannelPool - Entry count for : http://localhost:52427 : 1
16:59:22.403 [AsyncHttpClient-1-14] DEBUG org.asynchttpclient.netty.handler.HttpHandler - 

Request DefaultHttpRequest(decodeResult: success, version: HTTP/1.1)
POST /session/0f0a4c6dec8a943e8c18ac906499e1c1/element HTTP/1.1
User-Agent: selenium/4.0.0 (java windows)
Content-Length: 66
Content-Type: application/json; charset=utf-8
host: localhost:51211
accept: */*

Response DefaultHttpResponse(decodeResult: success, version: HTTP/1.1)
HTTP/1.1 404 Not Found
Content-Type: application/json; charset=utf-8
cache-control: no-cache
content-length: 1035

16:59:22.403 [AsyncHttpClient-1-14] DEBUG org.asynchttpclient.netty.channel.ChannelManager - Adding key: http://localhost:51211 for channel [id: 0xebc0fd0a, L:/127.0.0.1:52426 - R:localhost/127.0.0.1:51211]
16:59:22.414 [Forwarding screenshot on session 0f0a4c6dec8a943e8c18ac906499e1c1 to remote] DEBUG org.asynchttpclient.netty.request.NettyRequestSender - Using pooled Channel '[id: 0xebc0fd0a, L:/127.0.0.1:52426 - R:localhost/127.0.0.1:51211]' for 'GET' to 'http://localhost:51211/session/0f0a4c6dec8a943e8c18ac906499e1c1/screenshot'
16:59:22.414 [Forwarding screenshot on session 0f0a4c6dec8a943e8c18ac906499e1c1 to remote] DEBUG org.asynchttpclient.netty.request.NettyRequestSender - Using open Channel [id: 0xebc0fd0a, L:/127.0.0.1:52426 - R:localhost/127.0.0.1:51211] for GET '/session/0f0a4c6dec8a943e8c18ac906499e1c1/screenshot'
16:59:22.698 [AsyncHttpClient-1-14] DEBUG org.asynchttpclient.netty.handler.HttpHandler - 

Request DefaultFullHttpRequest(decodeResult: success, version: HTTP/1.1, content: EmptyByteBufBE)
GET /session/0f0a4c6dec8a943e8c18ac906499e1c1/screenshot HTTP/1.1
User-Agent: selenium/4.0.0 (java windows)
Cache-Control: no-cache
Content-Type: application/json; charset=utf-8
host: localhost:51211
accept: */*

Response DefaultHttpResponse(decodeResult: success, version: HTTP/1.1)
HTTP/1.1 200 OK
Content-Type: application/json; charset=utf-8
cache-control: no-cache
content-length: 860844

16:59:22.703 [AsyncHttpClient-1-14] DEBUG org.asynchttpclient.netty.channel.ChannelManager - Adding key: http://localhost:51211 for channel [id: 0xebc0fd0a, L:/127.0.0.1:52426 - R:localhost/127.0.0.1:51211]
16:59:22.753 [Forwarding findElement on session 0f0a4c6dec8a943e8c18ac906499e1c1 to remote] DEBUG org.asynchttpclient.netty.request.NettyRequestSender - Using pooled Channel '[id: 0xebc0fd0a, L:/127.0.0.1:52426 - R:localhost/127.0.0.1:51211]' for 'POST' to 'http://localhost:51211/session/0f0a4c6dec8a943e8c18ac906499e1c1/element'
16:59:22.753 [Forwarding findElement on session 0f0a4c6dec8a943e8c18ac906499e1c1 to remote] DEBUG org.asynchttpclient.netty.request.NettyRequestSender - Using open Channel [id: 0xebc0fd0a, L:/127.0.0.1:52426 - R:localhost/127.0.0.1:51211] for POST '/session/0f0a4c6dec8a943e8c18ac906499e1c1/element'
16:59:23.045 [AsyncHttpClient-1-1] DEBUG org.asynchttpclient.netty.channel.DefaultChannelPool - Entry count for : http://localhost:52427 : 1
16:59:24.138 [AsyncHttpClient-1-1] DEBUG org.asynchttpclient.netty.channel.DefaultChannelPool - Entry count for : http://localhost:52427 : 1
16:59:25.239 [AsyncHttpClient-1-1] DEBUG org.asynchttpclient.netty.channel.DefaultChannelPool - Entry count for : http://localhost:52427 : 1
16:59:26.352 [AsyncHttpClient-1-1] DEBUG org.asynchttpclient.netty.channel.DefaultChannelPool - Entry count for : http://localhost:52427 : 1
16:59:27.443 [AsyncHttpClient-1-1] DEBUG org.asynchttpclient.netty.channel.DefaultChannelPool - Entry count for : http://localhost:52427 : 1
16:59:28.539 [AsyncHttpClient-1-1] DEBUG org.asynchttpclient.netty.channel.DefaultChannelPool - Entry count for : http://localhost:52427 : 1
16:59:29.638 [AsyncHttpClient-1-1] DEBUG org.asynchttpclient.netty.channel.DefaultChannelPool - Entry count for : http://localhost:52427 : 1
16:59:30.741 [AsyncHttpClient-1-1] DEBUG org.asynchttpclient.netty.channel.DefaultChannelPool - Entry count for : http://localhost:52427 : 1
16:59:31.843 [AsyncHttpClient-1-1] DEBUG org.asynchttpclient.netty.channel.DefaultChannelPool - Entry count for : http://localhost:52427 : 1
16:59:32.768 [AsyncHttpClient-1-14] DEBUG org.asynchttpclient.netty.handler.HttpHandler - 

Request DefaultHttpRequest(decodeResult: success, version: HTTP/1.1)
POST /session/0f0a4c6dec8a943e8c18ac906499e1c1/element HTTP/1.1
User-Agent: selenium/4.0.0 (java windows)
Content-Length: 59
Content-Type: application/json; charset=utf-8
host: localhost:51211
accept: */*

Response DefaultHttpResponse(decodeResult: success, version: HTTP/1.1)
HTTP/1.1 404 Not Found
Content-Type: application/json; charset=utf-8
cache-control: no-cache
content-length: 1028

16:59:32.769 [AsyncHttpClient-1-14] DEBUG org.asynchttpclient.netty.channel.ChannelManager - Adding key: http://localhost:51211 for channel [id: 0xebc0fd0a, L:/127.0.0.1:52426 - R:localhost/127.0.0.1:51211]
16:59:32.777 [Forwarding getLog on session 0f0a4c6dec8a943e8c18ac906499e1c1 to remote] DEBUG org.asynchttpclient.netty.request.NettyRequestSender - Using pooled Channel '[id: 0xebc0fd0a, L:/127.0.0.1:52426 - R:localhost/127.0.0.1:51211]' for 'POST' to 'http://localhost:51211/session/0f0a4c6dec8a943e8c18ac906499e1c1/se/log'
16:59:32.777 [Forwarding getLog on session 0f0a4c6dec8a943e8c18ac906499e1c1 to remote] DEBUG org.asynchttpclient.netty.request.NettyRequestSender - Using open Channel [id: 0xebc0fd0a, L:/127.0.0.1:52426 - R:localhost/127.0.0.1:51211] for POST '/session/0f0a4c6dec8a943e8c18ac906499e1c1/se/log'
16:59:32.780 [AsyncHttpClient-1-14] DEBUG org.asynchttpclient.netty.handler.HttpHandler - 

Request DefaultHttpRequest(decodeResult: success, version: HTTP/1.1)
POST /session/0f0a4c6dec8a943e8c18ac906499e1c1/se/log HTTP/1.1
User-Agent: selenium/4.0.0 (java windows)
Content-Length: 23
Content-Type: application/json; charset=utf-8
host: localhost:51211
accept: */*

Response DefaultHttpResponse(decodeResult: success, version: HTTP/1.1)
HTTP/1.1 200 OK
Content-Type: application/json; charset=utf-8
cache-control: no-cache
content-length: 4264

16:59:32.780 [AsyncHttpClient-1-14] DEBUG org.asynchttpclient.netty.channel.ChannelManager - Adding key: http://localhost:51211 for channel [id: 0xebc0fd0a, L:/127.0.0.1:52426 - R:localhost/127.0.0.1:51211]
https://www.huddle.team/assets/vendor_i18n-c10e2f8c83c6b308674ce68ae9890047735e62c595a12630e95dd20fd45f319a.js 1:31007 "jQuery.Deferred exception: $(...).tooltip is not a function" "TypeError: $(...).tooltip is not a function\n    at HTMLDocument.\u003Canonymous> (https://www.huddle.team/:612:34)\n    at e (https://www.huddle.team/assets/vendor_i18n-c10e2f8c83c6b308674ce68ae9890047735e62c595a12630e95dd20fd45f319a.js:2:29453)\n    at t (https://www.huddle.team/assets/vendor_i18n-c10e2f8c83c6b308674ce68ae9890047735e62c595a12630e95dd20fd45f319a.js:2:29755)" undefined
https://www.huddle.team/assets/vendor_i18n-c10e2f8c83c6b308674ce68ae9890047735e62c595a12630e95dd20fd45f319a.js 1:31117 Uncaught TypeError: $(...).tooltip is not a function
https://px.ads.linkedin.com/collect?v=2&fmt=js&pid=3153268&time=1652191147962&url=https%3A%2F%2Fwww.huddle.team%2F - Failed to load resource: net::ERR_CONNECTION_RESET
https://www.facebook.com/tr/?id=1401892800171261&ev=PageView&dl=https%3A%2F%2Fwww.huddle.team%2F&rl=&if=false&ts=1652191153420&sw=1920&sh=1080&v=2.9.58&r=stable&ec=0&o=286&fbp=fb.1.1652191153418.124617283&it=1652191152826&coo=false&rqm=GET - Failed to load resource: net::ERR_CONNECTION_RESET
https://connect.facebook.net/en_US/fbevents.js 23:37724 "[Meta Pixel] - Unable to parse JSON-LD tag. Malformed JSON found: '\n\t{\n\t\t\"@context\": \"http://schema.org\",\n\t\t\"@type\": \"Organization\",\n\t\t\"name\": \"Huddle Team\",\n\t\t\"logo\": \"https://www.huddle.team/images/application_wide/general/logo/huddle-logo.svg\",\n\t\t\"url\": \"https://www.huddle.team/\",\n\t\t\"telephone\": \"+1-844-875-1111\",\n\t\t\t\"address\": {\n\t\t\t\"@type\": \"PostalAddress\",\n\t\t\t\"streetAddress\": \"4300 E. Pacific Coast Hwy\",\n\t\t\t\"addressLocality\": \"Long Beach, California\",\n\t\t\t\"postalCode\": \"90804\",\n\t\t\t\"addressCountry\": \"United States\"\n\t\t},\n\t\t\"foundingDate\": \"October 26, 2001\",\n\t\t\"sameAs\": [\n\t\t\t\"https://www.facebook.com/HudTeam/\",\n\t\t]\n\t}\n'."
https://www.facebook.com/tr/?id=1401892800171261&ev=Microdata&dl=https%3A%2F%2Fwww.huddle.team%2F&rl=&if=false&ts=1652191153944&cd[DataLayer]=%5B%5D&cd[Meta]=%7B%22title%22%3A%22%5CnNext%20Generation%20Video%20Conferencing%20and%20Collaboration%20%7C%20Huddle.Team%5Cn%22%7D&cd[OpenGraph]=%7B%22og%3Atitle%22%3A%22Huddle.Team%22%2C%22og%3Atype%22%3A%22company%22%2C%22og%3Aurl%22%3A%22https%3A%2F%2Fwww.huddle.team%2F%22%2C%22og%3Aimage%22%3A%22https%3A%2F%2Fwww.huddle.team%2Fimages%2Fapplication_wide%2Fgeneral%2Flogo%2Fhuddle_logo_fb.png%22%2C%22og%3Asite_name%22%3A%22Huddle.team%22%7D&cd[Schema.org]=%5B%5D&cd[JSON-LD]=%5B%5D&sw=1920&sh=1080&v=2.9.58&r=stable&ec=1&o=286&fbp=fb.1.1652191153418.124617283&it=1652191152826&coo=false&es=automatic&tm=3&rqm=GET - Failed to load resource: net::ERR_CONNECTION_RESET
https://www.huddle.team/ - The resource https://www.huddle.team/fonts/googlefonts/open-sans-v15-latin-regular.woff2?display=swap was preloaded using link preload but not used within a few seconds from the window's load event. Please make sure it has an appropriate `as` value and it is preloaded intentionally.
https://www.huddle.team/ - The resource https://www.huddle.team/fonts/googlefonts/open-sans-v18-latin-600.woff2?display=swap was preloaded using link preload but not used within a few seconds from the window's load event. Please make sure it has an appropriate `as` value and it is preloaded intentionally.
]]></system-out>
    <system-err><![CDATA[Starting ChromeDriver 101.0.4951.41 (93c720db8323b3ec10d056025ab95c23a31997c9-refs/branch-heads/4951@{#904}) on port 51211
Only local connections are allowed.
Please see https://chromedriver.chromium.org/security-considerations for suggestions on keeping ChromeDriver safe.
ChromeDriver was started successfully.
May 10, 2022 4:59:02 PM org.openqa.selenium.remote.ProtocolHandshake createSession
INFO: Detected dialect: W3C
May 10, 2022 4:59:02 PM org.openqa.selenium.devtools.CdpVersionFinder findNearestMatch
WARNING: Unable to find an exact match for CDP version 101, so returning the closest version found: a no-op implementation
May 10, 2022 4:59:02 PM org.openqa.selenium.devtools.CdpVersionFinder findNearestMatch
INFO: Unable to find CDP implementation matching 101.
May 10, 2022 4:59:02 PM org.openqa.selenium.chromium.ChromiumDriver lambda$new$3
WARNING: Unable to find version of CDP to use for . You may need to include a dependency on a specific version of the CDP using something similar to `org.seleniumhq.selenium:selenium-devtools-v86:4.0.0` where the version ("v86") matches the version of the chromium-based browser you're using and the version number of the artifact is the same as Selenium's.
]]></system-err>
  </testcase>
</testsuite>